2025-10-21 07:28:51 - ExtractoLogger - ERROR - Exception in register: 400: Email already registered
2025-10-21 07:29:06 - ExtractoLogger - ERROR - Exception in refresh: bcrypt: no backends available -- recommend you install one (e.g. 'pip install bcrypt')
2025-10-21 07:29:20 - ExtractoLogger - ERROR - Exception in refresh: bcrypt: no backends available -- recommend you install one (e.g. 'pip install bcrypt')
2025-10-21 07:29:51 - ExtractoLogger - ERROR - Exception in refresh: password cannot be longer than 72 bytes, truncate manually if necessary (e.g. my_password[:72])
2025-10-21 07:30:57 - ExtractoLogger - ERROR - Exception in register: password cannot be longer than 72 bytes, truncate manually if necessary (e.g. my_password[:72])
2025-10-21 07:57:42 - ExtractoLogger - ERROR - Exception in task listing: 2 validation errors for TaskResponse
createdTs
  Input should be a valid datetime [type=datetime_type, input_value=None, input_type=NoneType]
    For further information visit https://errors.pydantic.dev/2.11/v/datetime_type
modifiedTs
  Field required [type=missing, input_value={'taskId': UUID('81b214d1...one, 'modifiedts': None}, input_type=dict]
    For further information visit https://errors.pydantic.dev/2.11/v/missing
2025-10-21 07:58:01 - ExtractoLogger - ERROR - Exception in task listing: 2 validation errors for TaskResponse
createdTs
  Input should be a valid datetime [type=datetime_type, input_value=None, input_type=NoneType]
    For further information visit https://errors.pydantic.dev/2.11/v/datetime_type
modifiedTs
  Field required [type=missing, input_value={'taskId': UUID('f2f72c16...one, 'modifiedts': None}, input_type=dict]
    For further information visit https://errors.pydantic.dev/2.11/v/missing
2025-10-21 08:00:30 - ExtractoLogger - ERROR - Exception in task listing: 'MODIFIED_TS' is an invalid keyword argument for Task
2025-10-21 08:00:47 - ExtractoLogger - ERROR - Exception in task listing: 1 validation error for TaskResponse
modifiedTs
  Field required [type=missing, input_value={'taskId': UUID('da19af23...edelta(seconds=19800)))}, input_type=dict]
    For further information visit https://errors.pydantic.dev/2.11/v/missing
2025-10-21 08:01:53 - ExtractoLogger - ERROR - Exception in task listing: 2 validation errors for TaskResponse
createdTs
  Input should be a valid datetime [type=datetime_type, input_value=None, input_type=NoneType]
    For further information visit https://errors.pydantic.dev/2.11/v/datetime_type
modifiedTs
  Input should be a valid datetime [type=datetime_type, input_value=None, input_type=NoneType]
    For further information visit https://errors.pydantic.dev/2.11/v/datetime_type
2025-10-21 08:03:04 - ExtractoLogger - ERROR - Exception in task listing: 2 validation errors for TaskResponse
createdTs
  Input should be a valid datetime [type=datetime_type, input_value=None, input_type=NoneType]
    For further information visit https://errors.pydantic.dev/2.11/v/datetime_type
modifiedTs
  Input should be a valid datetime [type=datetime_type, input_value=None, input_type=NoneType]
    For further information visit https://errors.pydantic.dev/2.11/v/datetime_type
2025-10-21 08:03:49 - ExtractoLogger - ERROR - Exception in task listing: 2 validation errors for TaskResponse
createdTs
  Input should be a valid datetime [type=datetime_type, input_value=None, input_type=NoneType]
    For further information visit https://errors.pydantic.dev/2.11/v/datetime_type
modifiedTs
  Input should be a valid datetime [type=datetime_type, input_value=None, input_type=NoneType]
    For further information visit https://errors.pydantic.dev/2.11/v/datetime_type
2025-10-21 08:05:28 - ExtractoLogger - ERROR - Exception in task listing: 2 validation errors for TaskResponse
createdTs
  Input should be a valid datetime [type=datetime_type, input_value=None, input_type=NoneType]
    For further information visit https://errors.pydantic.dev/2.11/v/datetime_type
modifiedTs
  Input should be a valid datetime [type=datetime_type, input_value=None, input_type=NoneType]
    For further information visit https://errors.pydantic.dev/2.11/v/datetime_type
2025-10-21 19:52:26 - ExtractoLogger - ERROR - Exception in register: (psycopg2.errors.NotNullViolation) null value in column "FULL_NAME" of relation "USER" violates not-null constraint
DETAIL:  Failing row contains (ca3deffb-273b-41ac-8169-98e6f5142aff, null, lostvaynesarthak@gmail.com, User, $2b$12$ChHYvYh..Cy2UfSSaElMY.5CF1Uvo96P4OOwt.CIMz2JpjjXPrDx6, t, f, 2025-10-21 13:23:21.566607+05:30, null).

[SQL: INSERT INTO public."USER" ("ID", "FULL_NAME", "EMAIL", "ROLE", "HASHED_PASSWORD", "IS_ACTIVE", "IS_VERIFIED", "CREATED_AT", "MODIFIED_AT") VALUES (%(ID)s::UUID, %(FULL_NAME)s, %(EMAIL)s, %(ROLE)s, %(HASHED_PASSWORD)s, %(IS_ACTIVE)s, %(IS_VERIFIED)s, %(CREATED_AT)s, %(MODIFIED_AT)s)]
[parameters: {'ID': UUID('ca3deffb-273b-41ac-8169-98e6f5142aff'), 'FULL_NAME': None, 'EMAIL': 'lostvaynesarthak@gmail.com', 'ROLE': <RoleEnum.USER: 'User'>, 'HASHED_PASSWORD': '$2b$12$ChHYvYh..Cy2UfSSaElMY.5CF1Uvo96P4OOwt.CIMz2JpjjXPrDx6', 'IS_ACTIVE': True, 'IS_VERIFIED': False, 'CREATED_AT': datetime.datetime(2025, 10, 21, 13, 23, 21, 566607), 'MODIFIED_AT': None}]
(Background on this error at: https://sqlalche.me/e/20/gkpj)
2025-10-21 19:52:32 - ExtractoLogger - ERROR - Exception in register: (psycopg2.errors.NotNullViolation) null value in column "FULL_NAME" of relation "USER" violates not-null constraint
DETAIL:  Failing row contains (300195d9-7134-43b2-914e-780ef555c38d, null, lostvaynesarthak@gmail.com, User, $2b$12$xLT7JDrYklmnSjbeGLf6a.zrdtzGN2/m1q3Mv0wSXZMzjeYJgA5Lu, t, f, 2025-10-21 13:23:21.566607+05:30, null).

[SQL: INSERT INTO public."USER" ("ID", "FULL_NAME", "EMAIL", "ROLE", "HASHED_PASSWORD", "IS_ACTIVE", "IS_VERIFIED", "CREATED_AT", "MODIFIED_AT") VALUES (%(ID)s::UUID, %(FULL_NAME)s, %(EMAIL)s, %(ROLE)s, %(HASHED_PASSWORD)s, %(IS_ACTIVE)s, %(IS_VERIFIED)s, %(CREATED_AT)s, %(MODIFIED_AT)s)]
[parameters: {'ID': UUID('300195d9-7134-43b2-914e-780ef555c38d'), 'FULL_NAME': None, 'EMAIL': 'lostvaynesarthak@gmail.com', 'ROLE': <RoleEnum.USER: 'User'>, 'HASHED_PASSWORD': '$2b$12$xLT7JDrYklmnSjbeGLf6a.zrdtzGN2/m1q3Mv0wSXZMzjeYJgA5Lu', 'IS_ACTIVE': True, 'IS_VERIFIED': False, 'CREATED_AT': datetime.datetime(2025, 10, 21, 13, 23, 21, 566607), 'MODIFIED_AT': None}]
(Background on this error at: https://sqlalche.me/e/20/gkpj)
2025-10-21 20:03:05 - ExtractoLogger - ERROR - Exception in register: (psycopg2.errors.UndefinedColumn) column USER.FIRST_NAME does not exist
LINE 1: SELECT public."USER"."ID" AS "public_USER_ID", public."USER"...
                                                       ^

[SQL: SELECT public."USER"."ID" AS "public_USER_ID", public."USER"."FIRST_NAME" AS "public_USER_FIRST_NAME", public."USER"."LAST_NAME" AS "public_USER_LAST_NAME", public."USER"."EMAIL" AS "public_USER_EMAIL", public."USER"."ROLE" AS "public_USER_ROLE", public."USER"."HASHED_PASSWORD" AS "public_USER_HASHED_PASSWORD", public."USER"."IS_ACTIVE" AS "public_USER_IS_ACTIVE", public."USER"."IS_VERIFIED" AS "public_USER_IS_VERIFIED", public."USER"."CREATED_AT" AS "public_USER_CREATED_AT", public."USER"."MODIFIED_AT" AS "public_USER_MODIFIED_AT" 
FROM public."USER" 
WHERE public."USER"."EMAIL" = %(EMAIL_1)s 
 LIMIT %(param_1)s]
[parameters: {'EMAIL_1': 'lostvaynesarthak@gmail.com', 'param_1': 1}]
(Background on this error at: https://sqlalche.me/e/20/f405)
2025-10-21 20:03:19 - ExtractoLogger - ERROR - Exception in register: (psycopg2.errors.UndefinedColumn) column USER.FIRST_NAME does not exist
LINE 1: SELECT public."USER"."ID" AS "public_USER_ID", public."USER"...
                                                       ^

[SQL: SELECT public."USER"."ID" AS "public_USER_ID", public."USER"."FIRST_NAME" AS "public_USER_FIRST_NAME", public."USER"."LAST_NAME" AS "public_USER_LAST_NAME", public."USER"."EMAIL" AS "public_USER_EMAIL", public."USER"."ROLE" AS "public_USER_ROLE", public."USER"."HASHED_PASSWORD" AS "public_USER_HASHED_PASSWORD", public."USER"."IS_ACTIVE" AS "public_USER_IS_ACTIVE", public."USER"."IS_VERIFIED" AS "public_USER_IS_VERIFIED", public."USER"."CREATED_AT" AS "public_USER_CREATED_AT", public."USER"."MODIFIED_AT" AS "public_USER_MODIFIED_AT" 
FROM public."USER" 
WHERE public."USER"."EMAIL" = %(EMAIL_1)s 
 LIMIT %(param_1)s]
[parameters: {'EMAIL_1': 'lostvaynesarthak@gmail.com', 'param_1': 1}]
(Background on this error at: https://sqlalche.me/e/20/f405)
2025-10-21 20:03:54 - ExtractoLogger - ERROR - Exception in register: (psycopg2.errors.NotNullViolation) null value in column "FIRST_NAME" of relation "USER" violates not-null constraint
DETAIL:  Failing row contains (3d58af16-111c-4396-841d-14d7899ba256, null, null, lostvaynesarthak@gmail.com, User, $2b$12$z0NzZuxKLI3.G1JTUx2a0OJi6gLToC1IVkc2AI.GAuwGWZ2B8D9Na, t, f, 2025-10-21 14:33:52.667021+05:30, null).

[SQL: INSERT INTO public."USER" ("ID", "FIRST_NAME", "LAST_NAME", "EMAIL", "ROLE", "HASHED_PASSWORD", "IS_ACTIVE", "IS_VERIFIED", "CREATED_AT", "MODIFIED_AT") VALUES (%(ID)s::UUID, %(FIRST_NAME)s, %(LAST_NAME)s, %(EMAIL)s, %(ROLE)s, %(HASHED_PASSWORD)s, %(IS_ACTIVE)s, %(IS_VERIFIED)s, %(CREATED_AT)s, %(MODIFIED_AT)s)]
[parameters: {'ID': UUID('3d58af16-111c-4396-841d-14d7899ba256'), 'FIRST_NAME': None, 'LAST_NAME': None, 'EMAIL': 'lostvaynesarthak@gmail.com', 'ROLE': <RoleEnum.USER: 'User'>, 'HASHED_PASSWORD': '$2b$12$z0NzZuxKLI3.G1JTUx2a0OJi6gLToC1IVkc2AI.GAuwGWZ2B8D9Na', 'IS_ACTIVE': True, 'IS_VERIFIED': False, 'CREATED_AT': datetime.datetime(2025, 10, 21, 14, 33, 52, 667021), 'MODIFIED_AT': None}]
(Background on this error at: https://sqlalche.me/e/20/gkpj)
2025-10-21 20:20:28 - ExtractoLogger - ERROR - Exception in register: (psycopg2.errors.NotNullViolation) null value in column "FIRST_NAME" of relation "USER" violates not-null constraint
DETAIL:  Failing row contains (af335422-a952-4e50-82c0-7762c8e19b91, null, null, lostvaynesarthak@gmail.com, User, $2b$12$AkYEWC9tNZMbdieQYjzc7.4lDUylmLxu7v6z4bHE93JgBHPxK43Xe, t, f, 2025-10-21 14:50:20.308207+05:30, null).

[SQL: INSERT INTO public."USER" ("ID", "FIRST_NAME", "LAST_NAME", "EMAIL", "ROLE", "HASHED_PASSWORD", "IS_ACTIVE", "IS_VERIFIED", "CREATED_AT", "MODIFIED_AT") VALUES (%(ID)s::UUID, %(FIRST_NAME)s, %(LAST_NAME)s, %(EMAIL)s, %(ROLE)s, %(HASHED_PASSWORD)s, %(IS_ACTIVE)s, %(IS_VERIFIED)s, %(CREATED_AT)s, %(MODIFIED_AT)s)]
[parameters: {'ID': UUID('af335422-a952-4e50-82c0-7762c8e19b91'), 'FIRST_NAME': None, 'LAST_NAME': None, 'EMAIL': 'lostvaynesarthak@gmail.com', 'ROLE': <RoleEnum.USER: 'User'>, 'HASHED_PASSWORD': '$2b$12$AkYEWC9tNZMbdieQYjzc7.4lDUylmLxu7v6z4bHE93JgBHPxK43Xe', 'IS_ACTIVE': True, 'IS_VERIFIED': False, 'CREATED_AT': datetime.datetime(2025, 10, 21, 14, 50, 20, 308207), 'MODIFIED_AT': None}]
(Background on this error at: https://sqlalche.me/e/20/gkpj)
2025-11-09 21:50:51 - ExtractoLogger - ERROR - Exception in register: 400: Email already registered
2025-11-09 21:50:55 - ExtractoLogger - ERROR - Exception in register: 400: Email already registered
2025-11-09 22:05:02 - ExtractoLogger - ERROR - Exception in refresh: (psycopg2.errors.UndefinedTable) relation "public.USER" does not exist
LINE 2: FROM public."USER" 
             ^

[SQL: SELECT public."USER"."ID" AS "public_USER_ID", public."USER"."FIRST_NAME" AS "public_USER_FIRST_NAME", public."USER"."LAST_NAME" AS "public_USER_LAST_NAME", public."USER"."EMAIL" AS "public_USER_EMAIL", public."USER"."ROLE" AS "public_USER_ROLE", public."USER"."HASHED_PASSWORD" AS "public_USER_HASHED_PASSWORD", public."USER"."IS_ACTIVE" AS "public_USER_IS_ACTIVE", public."USER"."IS_VERIFIED" AS "public_USER_IS_VERIFIED", public."USER"."CREATED_AT" AS "public_USER_CREATED_AT", public."USER"."MODIFIED_AT" AS "public_USER_MODIFIED_AT" 
FROM public."USER" 
WHERE public."USER"."EMAIL" = %(EMAIL_1)s 
 LIMIT %(param_1)s]
[parameters: {'EMAIL_1': 'lostvaynesarthak@gmail.com', 'param_1': 1}]
(Background on this error at: https://sqlalche.me/e/20/f405)
2025-11-09 22:05:34 - ExtractoLogger - ERROR - Exception in register: (psycopg2.errors.UndefinedTable) relation "public.USER" does not exist
LINE 2: FROM public."USER" 
             ^

[SQL: SELECT public."USER"."ID" AS "public_USER_ID", public."USER"."FIRST_NAME" AS "public_USER_FIRST_NAME", public."USER"."LAST_NAME" AS "public_USER_LAST_NAME", public."USER"."EMAIL" AS "public_USER_EMAIL", public."USER"."ROLE" AS "public_USER_ROLE", public."USER"."HASHED_PASSWORD" AS "public_USER_HASHED_PASSWORD", public."USER"."IS_ACTIVE" AS "public_USER_IS_ACTIVE", public."USER"."IS_VERIFIED" AS "public_USER_IS_VERIFIED", public."USER"."CREATED_AT" AS "public_USER_CREATED_AT", public."USER"."MODIFIED_AT" AS "public_USER_MODIFIED_AT" 
FROM public."USER" 
WHERE public."USER"."EMAIL" = %(EMAIL_1)s 
 LIMIT %(param_1)s]
[parameters: {'EMAIL_1': 'lostvaynesarthak@gmail.com', 'param_1': 1}]
(Background on this error at: https://sqlalche.me/e/20/f405)
